<?xml version="1.0" encoding="UTF-8"?>
<testsuite xmlns:xsi="http://www.w3.org/2001/XMLSchema-instance" xsi:noNamespaceSchemaLocation="https://maven.apache.org/surefire/maven-failsafe-plugin/xsd/failsafe-test-report.xsd" name="org.vaadin.example.MainViewIT" time="28.654" tests="5" errors="1" skipped="0" failures="4">
  <properties>
    <property name="java.specification.version" value="17"/>
    <property name="sun.jnu.encoding" value="UTF-8"/>
    <property name="java.class.path" value="/home/tk-lpt-1065/skeleton-starter-flow-24/target/test-classes:/home/tk-lpt-1065/skeleton-starter-flow-24/target/classes:/home/tk-lpt-1065/.m2/repository/com/vaadin/vaadin/24.2.1/vaadin-24.2.1.jar:/home/tk-lpt-1065/.m2/repository/com/vaadin/vaadin-internal/24.2.1/vaadin-internal-24.2.1.jar:/home/tk-lpt-1065/.m2/repository/com/vaadin/vaadin-board-flow/24.2.1/vaadin-board-flow-24.2.1.jar:/home/tk-lpt-1065/.m2/repository/com/vaadin/vaadin-charts-flow/24.2.1/vaadin-charts-flow-24.2.1.jar:/home/tk-lpt-1065/.m2/repository/com/vaadin/vaadin-cookie-consent-flow/24.2.1/vaadin-cookie-consent-flow-24.2.1.jar:/home/tk-lpt-1065/.m2/repository/com/vaadin/vaadin-crud-flow/24.2.1/vaadin-crud-flow-24.2.1.jar:/home/tk-lpt-1065/.m2/repository/com/vaadin/vaadin-flow-components-base/24.2.1/vaadin-flow-components-base-24.2.1.jar:/home/tk-lpt-1065/.m2/repository/com/vaadin/vaadin-grid-pro-flow/24.2.1/vaadin-grid-pro-flow-24.2.1.jar:/home/tk-lpt-1065/.m2/repository/com/vaadin/vaadin-map-flow/24.2.1/vaadin-map-flow-24.2.1.jar:/home/tk-lpt-1065/.m2/repository/com/vaadin/vaadin-rich-text-editor-flow/24.2.1/vaadin-rich-text-editor-flow-24.2.1.jar:/home/tk-lpt-1065/.m2/repository/com/vaadin/collaboration-engine/6.1.0/collaboration-engine-6.1.0.jar:/home/tk-lpt-1065/.m2/repository/com/fasterxml/jackson/core/jackson-databind/2.15.2/jackson-databind-2.15.2.jar:/home/tk-lpt-1065/.m2/repository/com/fasterxml/jackson/core/jackson-annotations/2.15.2/jackson-annotations-2.15.2.jar:/home/tk-lpt-1065/.m2/repository/com/fasterxml/jackson/datatype/jackson-datatype-jsr310/2.15.2/jackson-datatype-jsr310-2.15.2.jar:/home/tk-lpt-1065/.m2/repository/org/slf4j/slf4j-simple/2.0.4/slf4j-simple-2.0.4.jar:/home/tk-lpt-1065/.m2/repository/org/slf4j/slf4j-api/2.0.4/slf4j-api-2.0.4.jar:/home/tk-lpt-1065/.m2/repository/com/vaadin/vaadin-testbench-junit5/24.2.1/vaadin-testbench-junit5-24.2.1.jar:/home/tk-lpt-1065/.m2/repository/com/vaadin/vaadin-testbench-core-junit5/9.1.0/vaadin-testbench-core-junit5-9.1.0.jar:/home/tk-lpt-1065/.m2/repository/org/seleniumhq/selenium/selenium-remote-driver/4.14.0/selenium-remote-driver-4.14.0.jar:/home/tk-lpt-1065/.m2/repository/com/google/auto/service/auto-service-annotations/1.1.1/auto-service-annotations-1.1.1.jar:/home/tk-lpt-1065/.m2/repository/com/google/guava/guava/32.1.2-jre/guava-32.1.2-jre.jar:/home/tk-lpt-1065/.m2/repository/com/google/guava/failureaccess/1.0.1/failureaccess-1.0.1.jar:/home/tk-lpt-1065/.m2/repository/com/google/guava/listenablefuture/9999.0-empty-to-avoid-conflict-with-guava/listenablefuture-9999.0-empty-to-avoid-conflict-with-guava.jar:/home/tk-lpt-1065/.m2/repository/com/google/code/findbugs/jsr305/3.0.2/jsr305-3.0.2.jar:/home/tk-lpt-1065/.m2/repository/org/checkerframework/checker-qual/3.33.0/checker-qual-3.33.0.jar:/home/tk-lpt-1065/.m2/repository/com/google/errorprone/error_prone_annotations/2.18.0/error_prone_annotations-2.18.0.jar:/home/tk-lpt-1065/.m2/repository/com/google/j2objc/j2objc-annotations/2.8/j2objc-annotations-2.8.jar:/home/tk-lpt-1065/.m2/repository/io/opentelemetry/opentelemetry-api/1.28.0/opentelemetry-api-1.28.0.jar:/home/tk-lpt-1065/.m2/repository/io/opentelemetry/opentelemetry-context/1.28.0/opentelemetry-context-1.28.0.jar:/home/tk-lpt-1065/.m2/repository/io/opentelemetry/opentelemetry-exporter-logging/1.28.0/opentelemetry-exporter-logging-1.28.0.jar:/home/tk-lpt-1065/.m2/repository/io/opentelemetry/opentelemetry-sdk-metrics/1.28.0/opentelemetry-sdk-metrics-1.28.0.jar:/home/tk-lpt-1065/.m2/repository/io/opentelemetry/opentelemetry-extension-incubator/1.28.0-alpha/opentelemetry-extension-incubator-1.28.0-alpha.jar:/home/tk-lpt-1065/.m2/repository/io/opentelemetry/opentelemetry-sdk-logs/1.28.0/opentelemetry-sdk-logs-1.28.0.jar:/home/tk-lpt-1065/.m2/repository/io/opentelemetry/opentelemetry-sdk-common/1.28.0/opentelemetry-sdk-common-1.28.0.jar:/home/tk-lpt-1065/.m2/repository/io/opentelemetry/opentelemetry-sdk-extension-autoconfigure-spi/1.28.0/opentelemetry-sdk-extension-autoconfigure-spi-1.28.0.jar:/home/tk-lpt-1065/.m2/repository/io/opentelemetry/opentelemetry-sdk-extension-autoconfigure/1.28.0/opentelemetry-sdk-extension-autoconfigure-1.28.0.jar:/home/tk-lpt-1065/.m2/repository/io/opentelemetry/opentelemetry-api-events/1.28.0-alpha/opentelemetry-api-events-1.28.0-alpha.jar:/home/tk-lpt-1065/.m2/repository/io/opentelemetry/opentelemetry-sdk-trace/1.28.0/opentelemetry-sdk-trace-1.28.0.jar:/home/tk-lpt-1065/.m2/repository/io/opentelemetry/opentelemetry-sdk/1.28.0/opentelemetry-sdk-1.28.0.jar:/home/tk-lpt-1065/.m2/repository/io/opentelemetry/opentelemetry-semconv/1.28.0-alpha/opentelemetry-semconv-1.28.0-alpha.jar:/home/tk-lpt-1065/.m2/repository/net/bytebuddy/byte-buddy/1.14.5/byte-buddy-1.14.5.jar:/home/tk-lpt-1065/.m2/repository/org/seleniumhq/selenium/selenium-api/4.14.0/selenium-api-4.14.0.jar:/home/tk-lpt-1065/.m2/repository/org/seleniumhq/selenium/selenium-http/4.14.0/selenium-http-4.14.0.jar:/home/tk-lpt-1065/.m2/repository/dev/failsafe/failsafe/3.3.2/failsafe-3.3.2.jar:/home/tk-lpt-1065/.m2/repository/org/seleniumhq/selenium/selenium-json/4.14.0/selenium-json-4.14.0.jar:/home/tk-lpt-1065/.m2/repository/org/seleniumhq/selenium/selenium-manager/4.14.0/selenium-manager-4.14.0.jar:/home/tk-lpt-1065/.m2/repository/org/seleniumhq/selenium/selenium-os/4.14.0/selenium-os-4.14.0.jar:/home/tk-lpt-1065/.m2/repository/org/apache/commons/commons-exec/1.3/commons-exec-1.3.jar:/home/tk-lpt-1065/.m2/repository/org/seleniumhq/selenium/selenium-java/4.14.0/selenium-java-4.14.0.jar:/home/tk-lpt-1065/.m2/repository/org/seleniumhq/selenium/selenium-chrome-driver/4.14.0/selenium-chrome-driver-4.14.0.jar:/home/tk-lpt-1065/.m2/repository/org/seleniumhq/selenium/selenium-chromium-driver/4.14.0/selenium-chromium-driver-4.14.0.jar:/home/tk-lpt-1065/.m2/repository/org/seleniumhq/selenium/selenium-devtools-v116/4.14.0/selenium-devtools-v116-4.14.0.jar:/home/tk-lpt-1065/.m2/repository/org/seleniumhq/selenium/selenium-devtools-v117/4.14.0/selenium-devtools-v117-4.14.0.jar:/home/tk-lpt-1065/.m2/repository/org/seleniumhq/selenium/selenium-devtools-v118/4.14.0/selenium-devtools-v118-4.14.0.jar:/home/tk-lpt-1065/.m2/repository/org/seleniumhq/selenium/selenium-devtools-v85/4.14.0/selenium-devtools-v85-4.14.0.jar:/home/tk-lpt-1065/.m2/repository/org/seleniumhq/selenium/selenium-edge-driver/4.14.0/selenium-edge-driver-4.14.0.jar:/home/tk-lpt-1065/.m2/repository/org/seleniumhq/selenium/selenium-firefox-driver/4.14.0/selenium-firefox-driver-4.14.0.jar:/home/tk-lpt-1065/.m2/repository/org/seleniumhq/selenium/selenium-ie-driver/4.14.0/selenium-ie-driver-4.14.0.jar:/home/tk-lpt-1065/.m2/repository/org/seleniumhq/selenium/selenium-safari-driver/4.14.0/selenium-safari-driver-4.14.0.jar:/home/tk-lpt-1065/.m2/repository/org/seleniumhq/selenium/selenium-support/4.14.0/selenium-support-4.14.0.jar:/home/tk-lpt-1065/.m2/repository/org/junit/jupiter/junit-jupiter-api/5.9.1/junit-jupiter-api-5.9.1.jar:/home/tk-lpt-1065/.m2/repository/org/opentest4j/opentest4j/1.2.0/opentest4j-1.2.0.jar:/home/tk-lpt-1065/.m2/repository/org/junit/platform/junit-platform-commons/1.9.1/junit-platform-commons-1.9.1.jar:/home/tk-lpt-1065/.m2/repository/org/apiguardian/apiguardian-api/1.1.2/apiguardian-api-1.1.2.jar:/home/tk-lpt-1065/.m2/repository/org/junit/jupiter/junit-jupiter/5.9.1/junit-jupiter-5.9.1.jar:/home/tk-lpt-1065/.m2/repository/org/junit/jupiter/junit-jupiter-params/5.9.1/junit-jupiter-params-5.9.1.jar:/home/tk-lpt-1065/.m2/repository/org/junit/jupiter/junit-jupiter-engine/5.9.1/junit-jupiter-engine-5.9.1.jar:/home/tk-lpt-1065/.m2/repository/org/junit/platform/junit-platform-engine/1.9.1/junit-platform-engine-1.9.1.jar:/home/tk-lpt-1065/.m2/repository/org/javassist/javassist/3.28.0-GA/javassist-3.28.0-GA.jar:/home/tk-lpt-1065/.m2/repository/com/vaadin/license-checker/1.12.3/license-checker-1.12.3.jar:/home/tk-lpt-1065/.m2/repository/com/github/oshi/oshi-core/6.4.1/oshi-core-6.4.1.jar:/home/tk-lpt-1065/.m2/repository/net/java/dev/jna/jna/5.13.0/jna-5.13.0.jar:/home/tk-lpt-1065/.m2/repository/net/java/dev/jna/jna-platform/5.13.0/jna-platform-5.13.0.jar:/home/tk-lpt-1065/.m2/repository/com/nimbusds/nimbus-jose-jwt/9.31/nimbus-jose-jwt-9.31.jar:/home/tk-lpt-1065/.m2/repository/org/lucee/jcip-annotations/1.0.0/jcip-annotations-1.0.0.jar:/home/tk-lpt-1065/.m2/repository/com/vaadin/open/8.5.0/open-8.5.0.jar:/home/tk-lpt-1065/.m2/repository/com/vaadin/external/gwt/gwt-elemental/2.8.2.vaadin2/gwt-elemental-2.8.2.vaadin2.jar:/home/tk-lpt-1065/.m2/repository/com/vaadin/vaadin-testbench-unit-junit5/9.1.0/vaadin-testbench-unit-junit5-9.1.0.jar:/home/tk-lpt-1065/.m2/repository/com/vaadin/vaadin-testbench-unit-shared/9.1.0/vaadin-testbench-unit-shared-9.1.0.jar:/home/tk-lpt-1065/.m2/repository/io/github/classgraph/classgraph/4.8.146/classgraph-4.8.146.jar:/home/tk-lpt-1065/.m2/repository/jakarta/servlet/jakarta.servlet-api/5.0.0/jakarta.servlet-api-5.0.0.jar:/home/tk-lpt-1065/.m2/repository/org/jetbrains/kotlin/kotlin-stdlib-jdk8/1.6.21/kotlin-stdlib-jdk8-1.6.21.jar:/home/tk-lpt-1065/.m2/repository/org/jetbrains/kotlin/kotlin-stdlib/1.6.21/kotlin-stdlib-1.6.21.jar:/home/tk-lpt-1065/.m2/repository/org/jetbrains/kotlin/kotlin-stdlib-common/1.6.21/kotlin-stdlib-common-1.6.21.jar:/home/tk-lpt-1065/.m2/repository/org/jetbrains/annotations/13.0/annotations-13.0.jar:/home/tk-lpt-1065/.m2/repository/org/jetbrains/kotlin/kotlin-stdlib-jdk7/1.6.21/kotlin-stdlib-jdk7-1.6.21.jar:/home/tk-lpt-1065/.m2/repository/org/jetbrains/kotlin/kotlin-reflect/1.6.21/kotlin-reflect-1.6.21.jar:/home/tk-lpt-1065/.m2/repository/com/vaadin/vaadin-testbench-shared/9.1.0/vaadin-testbench-shared-9.1.0.jar:/home/tk-lpt-1065/.m2/repository/commons-codec/commons-codec/1.15/commons-codec-1.15.jar:/home/tk-lpt-1065/.m2/repository/com/vaadin/flow-html-components-testbench/24.2.1/flow-html-components-testbench-24.2.1.jar:/home/tk-lpt-1065/.m2/repository/com/vaadin/vaadin-accordion-testbench/24.2.1/vaadin-accordion-testbench-24.2.1.jar:/home/tk-lpt-1065/.m2/repository/com/vaadin/vaadin-app-layout-testbench/24.2.1/vaadin-app-layout-testbench-24.2.1.jar:/home/tk-lpt-1065/.m2/repository/com/vaadin/vaadin-avatar-testbench/24.2.1/vaadin-avatar-testbench-24.2.1.jar:/home/tk-lpt-1065/.m2/repository/com/vaadin/vaadin-board-testbench/24.2.1/vaadin-board-testbench-24.2.1.jar:/home/tk-lpt-1065/.m2/repository/com/vaadin/vaadin-button-testbench/24.2.1/vaadin-button-testbench-24.2.1.jar:/home/tk-lpt-1065/.m2/repository/com/vaadin/vaadin-charts-testbench/24.2.1/vaadin-charts-testbench-24.2.1.jar:/home/tk-lpt-1065/.m2/repository/com/vaadin/vaadin-checkbox-testbench/24.2.1/vaadin-checkbox-testbench-24.2.1.jar:/home/tk-lpt-1065/.m2/repository/com/vaadin/vaadin-combo-box-testbench/24.2.1/vaadin-combo-box-testbench-24.2.1.jar:/home/tk-lpt-1065/.m2/repository/com/vaadin/vaadin-confirm-dialog-testbench/24.2.1/vaadin-confirm-dialog-testbench-24.2.1.jar:/home/tk-lpt-1065/.m2/repository/com/vaadin/vaadin-context-menu-testbench/24.2.1/vaadin-context-menu-testbench-24.2.1.jar:/home/tk-lpt-1065/.m2/repository/com/vaadin/vaadin-cookie-consent-testbench/24.2.1/vaadin-cookie-consent-testbench-24.2.1.jar:/home/tk-lpt-1065/.m2/repository/com/vaadin/vaadin-crud-testbench/24.2.1/vaadin-crud-testbench-24.2.1.jar:/home/tk-lpt-1065/.m2/repository/com/vaadin/vaadin-custom-field-testbench/24.2.1/vaadin-custom-field-testbench-24.2.1.jar:/home/tk-lpt-1065/.m2/repository/com/vaadin/vaadin-date-picker-testbench/24.2.1/vaadin-date-picker-testbench-24.2.1.jar:/home/tk-lpt-1065/.m2/repository/com/vaadin/vaadin-date-time-picker-testbench/24.2.1/vaadin-date-time-picker-testbench-24.2.1.jar:/home/tk-lpt-1065/.m2/repository/com/vaadin/vaadin-details-testbench/24.2.1/vaadin-details-testbench-24.2.1.jar:/home/tk-lpt-1065/.m2/repository/com/vaadin/vaadin-dialog-testbench/24.2.1/vaadin-dialog-testbench-24.2.1.jar:/home/tk-lpt-1065/.m2/repository/com/vaadin/vaadin-form-layout-testbench/24.2.1/vaadin-form-layout-testbench-24.2.1.jar:/home/tk-lpt-1065/.m2/repository/com/vaadin/vaadin-grid-testbench/24.2.1/vaadin-grid-testbench-24.2.1.jar:/home/tk-lpt-1065/.m2/repository/com/vaadin/vaadin-grid-pro-testbench/24.2.1/vaadin-grid-pro-testbench-24.2.1.jar:/home/tk-lpt-1065/.m2/repository/com/vaadin/vaadin-icons-testbench/24.2.1/vaadin-icons-testbench-24.2.1.jar:/home/tk-lpt-1065/.m2/repository/com/vaadin/vaadin-virtual-list-testbench/24.2.1/vaadin-virtual-list-testbench-24.2.1.jar:/home/tk-lpt-1065/.m2/repository/com/vaadin/vaadin-list-box-testbench/24.2.1/vaadin-list-box-testbench-24.2.1.jar:/home/tk-lpt-1065/.m2/repository/com/vaadin/vaadin-login-testbench/24.2.1/vaadin-login-testbench-24.2.1.jar:/home/tk-lpt-1065/.m2/repository/com/vaadin/vaadin-menu-bar-testbench/24.2.1/vaadin-menu-bar-testbench-24.2.1.jar:/home/tk-lpt-1065/.m2/repository/com/vaadin/vaadin-messages-testbench/24.2.1/vaadin-messages-testbench-24.2.1.jar:/home/tk-lpt-1065/.m2/repository/com/vaadin/vaadin-notification-testbench/24.2.1/vaadin-notification-testbench-24.2.1.jar:/home/tk-lpt-1065/.m2/repository/com/vaadin/vaadin-ordered-layout-testbench/24.2.1/vaadin-ordered-layout-testbench-24.2.1.jar:/home/tk-lpt-1065/.m2/repository/com/vaadin/vaadin-progress-bar-testbench/24.2.1/vaadin-progress-bar-testbench-24.2.1.jar:/home/tk-lpt-1065/.m2/repository/com/vaadin/vaadin-radio-button-testbench/24.2.1/vaadin-radio-button-testbench-24.2.1.jar:/home/tk-lpt-1065/.m2/repository/com/vaadin/vaadin-rich-text-editor-testbench/24.2.1/vaadin-rich-text-editor-testbench-24.2.1.jar:/home/tk-lpt-1065/.m2/repository/com/vaadin/vaadin-select-testbench/24.2.1/vaadin-select-testbench-24.2.1.jar:/home/tk-lpt-1065/.m2/repository/com/vaadin/vaadin-split-layout-testbench/24.2.1/vaadin-split-layout-testbench-24.2.1.jar:/home/tk-lpt-1065/.m2/repository/com/vaadin/vaadin-tabs-testbench/24.2.1/vaadin-tabs-testbench-24.2.1.jar:/home/tk-lpt-1065/.m2/repository/com/vaadin/vaadin-text-field-testbench/24.2.1/vaadin-text-field-testbench-24.2.1.jar:/home/tk-lpt-1065/.m2/repository/com/vaadin/vaadin-time-picker-testbench/24.2.1/vaadin-time-picker-testbench-24.2.1.jar:/home/tk-lpt-1065/.m2/repository/com/vaadin/vaadin-upload-testbench/24.2.1/vaadin-upload-testbench-24.2.1.jar:/home/tk-lpt-1065/.m2/repository/com/vaadin/vaadin-core/24.2.1/vaadin-core-24.2.1.jar:/home/tk-lpt-1065/.m2/repository/com/vaadin/vaadin-core-internal/24.2.1/vaadin-core-internal-24.2.1.jar:/home/tk-lpt-1065/.m2/repository/com/vaadin/flow-server/24.2.1/flow-server-24.2.1.jar:/home/tk-lpt-1065/.m2/repository/com/vaadin/servletdetector/throw-if-servlet3/1.0.2/throw-if-servlet3-1.0.2.jar:/home/tk-lpt-1065/.m2/repository/org/apache/commons/commons-fileupload2-jakarta/2.0.0-M1/commons-fileupload2-jakarta-2.0.0-M1.jar:/home/tk-lpt-1065/.m2/repository/org/apache/commons/commons-fileupload2-core/2.0.0-M1/commons-fileupload2-core-2.0.0-M1.jar:/home/tk-lpt-1065/.m2/repository/commons-io/commons-io/2.13.0/commons-io-2.13.0.jar:/home/tk-lpt-1065/.m2/repository/com/fasterxml/jackson/core/jackson-core/2.15.3/jackson-core-2.15.3.jar:/home/tk-lpt-1065/.m2/repository/org/jsoup/jsoup/1.16.1/jsoup-1.16.1.jar:/home/tk-lpt-1065/.m2/repository/com/helger/ph-css/7.0.1/ph-css-7.0.1.jar:/home/tk-lpt-1065/.m2/repository/com/helger/commons/ph-commons/11.1.0/ph-commons-11.1.0.jar:/home/tk-lpt-1065/.m2/repository/org/ow2/asm/asm/9.5/asm-9.5.jar:/home/tk-lpt-1065/.m2/repository/com/vaadin/external/gentyref/1.2.0.vaadin1/gentyref-1.2.0.vaadin1.jar:/home/tk-lpt-1065/.m2/repository/org/apache/commons/commons-compress/1.24.0/commons-compress-1.24.0.jar:/home/tk-lpt-1065/.m2/repository/com/vaadin/flow-lit-template/24.2.1/flow-lit-template-24.2.1.jar:/home/tk-lpt-1065/.m2/repository/com/vaadin/flow-push/24.2.1/flow-push-24.2.1.jar:/home/tk-lpt-1065/.m2/repository/com/vaadin/external/atmosphere/atmosphere-runtime/3.0.3.slf4jvaadin1/atmosphere-runtime-3.0.3.slf4jvaadin1.jar:/home/tk-lpt-1065/.m2/repository/com/vaadin/flow-client/24.2.1/flow-client-24.2.1.jar:/home/tk-lpt-1065/.m2/repository/com/vaadin/flow-html-components/24.2.1/flow-html-components-24.2.1.jar:/home/tk-lpt-1065/.m2/repository/com/vaadin/flow-data/24.2.1/flow-data-24.2.1.jar:/home/tk-lpt-1065/.m2/repository/com/vaadin/flow-dnd/24.2.1/flow-dnd-24.2.1.jar:/home/tk-lpt-1065/.m2/repository/com/vaadin/vaadin-lumo-theme/24.2.1/vaadin-lumo-theme-24.2.1.jar:/home/tk-lpt-1065/.m2/repository/com/vaadin/vaadin-material-theme/24.2.1/vaadin-material-theme-24.2.1.jar:/home/tk-lpt-1065/.m2/repository/com/vaadin/vaadin-accordion-flow/24.2.1/vaadin-accordion-flow-24.2.1.jar:/home/tk-lpt-1065/.m2/repository/com/vaadin/vaadin-avatar-flow/24.2.1/vaadin-avatar-flow-24.2.1.jar:/home/tk-lpt-1065/.m2/repository/com/vaadin/vaadin-button-flow/24.2.1/vaadin-button-flow-24.2.1.jar:/home/tk-lpt-1065/.m2/repository/com/vaadin/vaadin-checkbox-flow/24.2.1/vaadin-checkbox-flow-24.2.1.jar:/home/tk-lpt-1065/.m2/repository/com/vaadin/vaadin-combo-box-flow/24.2.1/vaadin-combo-box-flow-24.2.1.jar:/home/tk-lpt-1065/.m2/repository/com/vaadin/vaadin-confirm-dialog-flow/24.2.1/vaadin-confirm-dialog-flow-24.2.1.jar:/home/tk-lpt-1065/.m2/repository/com/vaadin/vaadin-custom-field-flow/24.2.1/vaadin-custom-field-flow-24.2.1.jar:/home/tk-lpt-1065/.m2/repository/com/vaadin/vaadin-date-picker-flow/24.2.1/vaadin-date-picker-flow-24.2.1.jar:/home/tk-lpt-1065/.m2/repository/com/vaadin/vaadin-date-time-picker-flow/24.2.1/vaadin-date-time-picker-flow-24.2.1.jar:/home/tk-lpt-1065/.m2/repository/com/vaadin/vaadin-details-flow/24.2.1/vaadin-details-flow-24.2.1.jar:/home/tk-lpt-1065/.m2/repository/com/vaadin/vaadin-time-picker-flow/24.2.1/vaadin-time-picker-flow-24.2.1.jar:/home/tk-lpt-1065/.m2/repository/com/vaadin/vaadin-select-flow/24.2.1/vaadin-select-flow-24.2.1.jar:/home/tk-lpt-1065/.m2/repository/com/vaadin/vaadin-side-nav-flow/24.2.1/vaadin-side-nav-flow-24.2.1.jar:/home/tk-lpt-1065/.m2/repository/com/vaadin/vaadin-dialog-flow/24.2.1/vaadin-dialog-flow-24.2.1.jar:/home/tk-lpt-1065/.m2/repository/com/vaadin/vaadin-form-layout-flow/24.2.1/vaadin-form-layout-flow-24.2.1.jar:/home/tk-lpt-1065/.m2/repository/com/vaadin/vaadin-field-highlighter-flow/24.2.1/vaadin-field-highlighter-flow-24.2.1.jar:/home/tk-lpt-1065/.m2/repository/com/vaadin/vaadin-grid-flow/24.2.1/vaadin-grid-flow-24.2.1.jar:/home/tk-lpt-1065/.m2/repository/org/apache/commons/commons-lang3/3.13.0/commons-lang3-3.13.0.jar:/home/tk-lpt-1065/.m2/repository/com/vaadin/vaadin-icons-flow/24.2.1/vaadin-icons-flow-24.2.1.jar:/home/tk-lpt-1065/.m2/repository/com/vaadin/vaadin-virtual-list-flow/24.2.1/vaadin-virtual-list-flow-24.2.1.jar:/home/tk-lpt-1065/.m2/repository/com/vaadin/vaadin-list-box-flow/24.2.1/vaadin-list-box-flow-24.2.1.jar:/home/tk-lpt-1065/.m2/repository/com/vaadin/vaadin-login-flow/24.2.1/vaadin-login-flow-24.2.1.jar:/home/tk-lpt-1065/.m2/repository/com/vaadin/vaadin-messages-flow/24.2.1/vaadin-messages-flow-24.2.1.jar:/home/tk-lpt-1065/.m2/repository/com/vaadin/vaadin-ordered-layout-flow/24.2.1/vaadin-ordered-layout-flow-24.2.1.jar:/home/tk-lpt-1065/.m2/repository/com/vaadin/vaadin-progress-bar-flow/24.2.1/vaadin-progress-bar-flow-24.2.1.jar:/home/tk-lpt-1065/.m2/repository/com/vaadin/vaadin-radio-button-flow/24.2.1/vaadin-radio-button-flow-24.2.1.jar:/home/tk-lpt-1065/.m2/repository/com/vaadin/vaadin-renderer-flow/24.2.1/vaadin-renderer-flow-24.2.1.jar:/home/tk-lpt-1065/.m2/repository/com/vaadin/vaadin-split-layout-flow/24.2.1/vaadin-split-layout-flow-24.2.1.jar:/home/tk-lpt-1065/.m2/repository/com/vaadin/vaadin-tabs-flow/24.2.1/vaadin-tabs-flow-24.2.1.jar:/home/tk-lpt-1065/.m2/repository/com/vaadin/vaadin-text-field-flow/24.2.1/vaadin-text-field-flow-24.2.1.jar:/home/tk-lpt-1065/.m2/repository/com/vaadin/vaadin-upload-flow/24.2.1/vaadin-upload-flow-24.2.1.jar:/home/tk-lpt-1065/.m2/repository/com/vaadin/vaadin-notification-flow/24.2.1/vaadin-notification-flow-24.2.1.jar:/home/tk-lpt-1065/.m2/repository/com/vaadin/vaadin-app-layout-flow/24.2.1/vaadin-app-layout-flow-24.2.1.jar:/home/tk-lpt-1065/.m2/repository/com/vaadin/vaadin-context-menu-flow/24.2.1/vaadin-context-menu-flow-24.2.1.jar:/home/tk-lpt-1065/.m2/repository/com/vaadin/vaadin-menu-bar-flow/24.2.1/vaadin-menu-bar-flow-24.2.1.jar:"/>
    <property name="java.vm.vendor" value="Azul Systems, Inc."/>
    <property name="sun.arch.data.model" value="64"/>
    <property name="java.vendor.url" value="http://www.azul.com/"/>
    <property name="os.name" value="Linux"/>
    <property name="java.vm.specification.version" value="17"/>
    <property name="sun.java.launcher" value="SUN_STANDARD"/>
    <property name="user.country" value="US"/>
    <property name="sun.boot.library.path" value="/usr/lib/jvm/zulu17-ca-amd64/lib"/>
    <property name="sun.java.command" value="/home/tk-lpt-1065/skeleton-starter-flow-24/target/surefire/surefirebooter84416508559883299.jar /home/tk-lpt-1065/skeleton-starter-flow-24/target/surefire 2023-11-03T11-00-16_368-jvmRun1 surefire18215790494485337612tmp surefire_05104983902886818859tmp"/>
    <property name="jdk.debug" value="release"/>
    <property name="surefire.test.class.path" value="/home/tk-lpt-1065/skeleton-starter-flow-24/target/test-classes:/home/tk-lpt-1065/skeleton-starter-flow-24/target/classes:/home/tk-lpt-1065/.m2/repository/com/vaadin/vaadin/24.2.1/vaadin-24.2.1.jar:/home/tk-lpt-1065/.m2/repository/com/vaadin/vaadin-internal/24.2.1/vaadin-internal-24.2.1.jar:/home/tk-lpt-1065/.m2/repository/com/vaadin/vaadin-board-flow/24.2.1/vaadin-board-flow-24.2.1.jar:/home/tk-lpt-1065/.m2/repository/com/vaadin/vaadin-charts-flow/24.2.1/vaadin-charts-flow-24.2.1.jar:/home/tk-lpt-1065/.m2/repository/com/vaadin/vaadin-cookie-consent-flow/24.2.1/vaadin-cookie-consent-flow-24.2.1.jar:/home/tk-lpt-1065/.m2/repository/com/vaadin/vaadin-crud-flow/24.2.1/vaadin-crud-flow-24.2.1.jar:/home/tk-lpt-1065/.m2/repository/com/vaadin/vaadin-flow-components-base/24.2.1/vaadin-flow-components-base-24.2.1.jar:/home/tk-lpt-1065/.m2/repository/com/vaadin/vaadin-grid-pro-flow/24.2.1/vaadin-grid-pro-flow-24.2.1.jar:/home/tk-lpt-1065/.m2/repository/com/vaadin/vaadin-map-flow/24.2.1/vaadin-map-flow-24.2.1.jar:/home/tk-lpt-1065/.m2/repository/com/vaadin/vaadin-rich-text-editor-flow/24.2.1/vaadin-rich-text-editor-flow-24.2.1.jar:/home/tk-lpt-1065/.m2/repository/com/vaadin/collaboration-engine/6.1.0/collaboration-engine-6.1.0.jar:/home/tk-lpt-1065/.m2/repository/com/fasterxml/jackson/core/jackson-databind/2.15.2/jackson-databind-2.15.2.jar:/home/tk-lpt-1065/.m2/repository/com/fasterxml/jackson/core/jackson-annotations/2.15.2/jackson-annotations-2.15.2.jar:/home/tk-lpt-1065/.m2/repository/com/fasterxml/jackson/datatype/jackson-datatype-jsr310/2.15.2/jackson-datatype-jsr310-2.15.2.jar:/home/tk-lpt-1065/.m2/repository/org/slf4j/slf4j-simple/2.0.4/slf4j-simple-2.0.4.jar:/home/tk-lpt-1065/.m2/repository/org/slf4j/slf4j-api/2.0.4/slf4j-api-2.0.4.jar:/home/tk-lpt-1065/.m2/repository/com/vaadin/vaadin-testbench-junit5/24.2.1/vaadin-testbench-junit5-24.2.1.jar:/home/tk-lpt-1065/.m2/repository/com/vaadin/vaadin-testbench-core-junit5/9.1.0/vaadin-testbench-core-junit5-9.1.0.jar:/home/tk-lpt-1065/.m2/repository/org/seleniumhq/selenium/selenium-remote-driver/4.14.0/selenium-remote-driver-4.14.0.jar:/home/tk-lpt-1065/.m2/repository/com/google/auto/service/auto-service-annotations/1.1.1/auto-service-annotations-1.1.1.jar:/home/tk-lpt-1065/.m2/repository/com/google/guava/guava/32.1.2-jre/guava-32.1.2-jre.jar:/home/tk-lpt-1065/.m2/repository/com/google/guava/failureaccess/1.0.1/failureaccess-1.0.1.jar:/home/tk-lpt-1065/.m2/repository/com/google/guava/listenablefuture/9999.0-empty-to-avoid-conflict-with-guava/listenablefuture-9999.0-empty-to-avoid-conflict-with-guava.jar:/home/tk-lpt-1065/.m2/repository/com/google/code/findbugs/jsr305/3.0.2/jsr305-3.0.2.jar:/home/tk-lpt-1065/.m2/repository/org/checkerframework/checker-qual/3.33.0/checker-qual-3.33.0.jar:/home/tk-lpt-1065/.m2/repository/com/google/errorprone/error_prone_annotations/2.18.0/error_prone_annotations-2.18.0.jar:/home/tk-lpt-1065/.m2/repository/com/google/j2objc/j2objc-annotations/2.8/j2objc-annotations-2.8.jar:/home/tk-lpt-1065/.m2/repository/io/opentelemetry/opentelemetry-api/1.28.0/opentelemetry-api-1.28.0.jar:/home/tk-lpt-1065/.m2/repository/io/opentelemetry/opentelemetry-context/1.28.0/opentelemetry-context-1.28.0.jar:/home/tk-lpt-1065/.m2/repository/io/opentelemetry/opentelemetry-exporter-logging/1.28.0/opentelemetry-exporter-logging-1.28.0.jar:/home/tk-lpt-1065/.m2/repository/io/opentelemetry/opentelemetry-sdk-metrics/1.28.0/opentelemetry-sdk-metrics-1.28.0.jar:/home/tk-lpt-1065/.m2/repository/io/opentelemetry/opentelemetry-extension-incubator/1.28.0-alpha/opentelemetry-extension-incubator-1.28.0-alpha.jar:/home/tk-lpt-1065/.m2/repository/io/opentelemetry/opentelemetry-sdk-logs/1.28.0/opentelemetry-sdk-logs-1.28.0.jar:/home/tk-lpt-1065/.m2/repository/io/opentelemetry/opentelemetry-sdk-common/1.28.0/opentelemetry-sdk-common-1.28.0.jar:/home/tk-lpt-1065/.m2/repository/io/opentelemetry/opentelemetry-sdk-extension-autoconfigure-spi/1.28.0/opentelemetry-sdk-extension-autoconfigure-spi-1.28.0.jar:/home/tk-lpt-1065/.m2/repository/io/opentelemetry/opentelemetry-sdk-extension-autoconfigure/1.28.0/opentelemetry-sdk-extension-autoconfigure-1.28.0.jar:/home/tk-lpt-1065/.m2/repository/io/opentelemetry/opentelemetry-api-events/1.28.0-alpha/opentelemetry-api-events-1.28.0-alpha.jar:/home/tk-lpt-1065/.m2/repository/io/opentelemetry/opentelemetry-sdk-trace/1.28.0/opentelemetry-sdk-trace-1.28.0.jar:/home/tk-lpt-1065/.m2/repository/io/opentelemetry/opentelemetry-sdk/1.28.0/opentelemetry-sdk-1.28.0.jar:/home/tk-lpt-1065/.m2/repository/io/opentelemetry/opentelemetry-semconv/1.28.0-alpha/opentelemetry-semconv-1.28.0-alpha.jar:/home/tk-lpt-1065/.m2/repository/net/bytebuddy/byte-buddy/1.14.5/byte-buddy-1.14.5.jar:/home/tk-lpt-1065/.m2/repository/org/seleniumhq/selenium/selenium-api/4.14.0/selenium-api-4.14.0.jar:/home/tk-lpt-1065/.m2/repository/org/seleniumhq/selenium/selenium-http/4.14.0/selenium-http-4.14.0.jar:/home/tk-lpt-1065/.m2/repository/dev/failsafe/failsafe/3.3.2/failsafe-3.3.2.jar:/home/tk-lpt-1065/.m2/repository/org/seleniumhq/selenium/selenium-json/4.14.0/selenium-json-4.14.0.jar:/home/tk-lpt-1065/.m2/repository/org/seleniumhq/selenium/selenium-manager/4.14.0/selenium-manager-4.14.0.jar:/home/tk-lpt-1065/.m2/repository/org/seleniumhq/selenium/selenium-os/4.14.0/selenium-os-4.14.0.jar:/home/tk-lpt-1065/.m2/repository/org/apache/commons/commons-exec/1.3/commons-exec-1.3.jar:/home/tk-lpt-1065/.m2/repository/org/seleniumhq/selenium/selenium-java/4.14.0/selenium-java-4.14.0.jar:/home/tk-lpt-1065/.m2/repository/org/seleniumhq/selenium/selenium-chrome-driver/4.14.0/selenium-chrome-driver-4.14.0.jar:/home/tk-lpt-1065/.m2/repository/org/seleniumhq/selenium/selenium-chromium-driver/4.14.0/selenium-chromium-driver-4.14.0.jar:/home/tk-lpt-1065/.m2/repository/org/seleniumhq/selenium/selenium-devtools-v116/4.14.0/selenium-devtools-v116-4.14.0.jar:/home/tk-lpt-1065/.m2/repository/org/seleniumhq/selenium/selenium-devtools-v117/4.14.0/selenium-devtools-v117-4.14.0.jar:/home/tk-lpt-1065/.m2/repository/org/seleniumhq/selenium/selenium-devtools-v118/4.14.0/selenium-devtools-v118-4.14.0.jar:/home/tk-lpt-1065/.m2/repository/org/seleniumhq/selenium/selenium-devtools-v85/4.14.0/selenium-devtools-v85-4.14.0.jar:/home/tk-lpt-1065/.m2/repository/org/seleniumhq/selenium/selenium-edge-driver/4.14.0/selenium-edge-driver-4.14.0.jar:/home/tk-lpt-1065/.m2/repository/org/seleniumhq/selenium/selenium-firefox-driver/4.14.0/selenium-firefox-driver-4.14.0.jar:/home/tk-lpt-1065/.m2/repository/org/seleniumhq/selenium/selenium-ie-driver/4.14.0/selenium-ie-driver-4.14.0.jar:/home/tk-lpt-1065/.m2/repository/org/seleniumhq/selenium/selenium-safari-driver/4.14.0/selenium-safari-driver-4.14.0.jar:/home/tk-lpt-1065/.m2/repository/org/seleniumhq/selenium/selenium-support/4.14.0/selenium-support-4.14.0.jar:/home/tk-lpt-1065/.m2/repository/org/junit/jupiter/junit-jupiter-api/5.9.1/junit-jupiter-api-5.9.1.jar:/home/tk-lpt-1065/.m2/repository/org/opentest4j/opentest4j/1.2.0/opentest4j-1.2.0.jar:/home/tk-lpt-1065/.m2/repository/org/junit/platform/junit-platform-commons/1.9.1/junit-platform-commons-1.9.1.jar:/home/tk-lpt-1065/.m2/repository/org/apiguardian/apiguardian-api/1.1.2/apiguardian-api-1.1.2.jar:/home/tk-lpt-1065/.m2/repository/org/junit/jupiter/junit-jupiter/5.9.1/junit-jupiter-5.9.1.jar:/home/tk-lpt-1065/.m2/repository/org/junit/jupiter/junit-jupiter-params/5.9.1/junit-jupiter-params-5.9.1.jar:/home/tk-lpt-1065/.m2/repository/org/junit/jupiter/junit-jupiter-engine/5.9.1/junit-jupiter-engine-5.9.1.jar:/home/tk-lpt-1065/.m2/repository/org/junit/platform/junit-platform-engine/1.9.1/junit-platform-engine-1.9.1.jar:/home/tk-lpt-1065/.m2/repository/org/javassist/javassist/3.28.0-GA/javassist-3.28.0-GA.jar:/home/tk-lpt-1065/.m2/repository/com/vaadin/license-checker/1.12.3/license-checker-1.12.3.jar:/home/tk-lpt-1065/.m2/repository/com/github/oshi/oshi-core/6.4.1/oshi-core-6.4.1.jar:/home/tk-lpt-1065/.m2/repository/net/java/dev/jna/jna/5.13.0/jna-5.13.0.jar:/home/tk-lpt-1065/.m2/repository/net/java/dev/jna/jna-platform/5.13.0/jna-platform-5.13.0.jar:/home/tk-lpt-1065/.m2/repository/com/nimbusds/nimbus-jose-jwt/9.31/nimbus-jose-jwt-9.31.jar:/home/tk-lpt-1065/.m2/repository/org/lucee/jcip-annotations/1.0.0/jcip-annotations-1.0.0.jar:/home/tk-lpt-1065/.m2/repository/com/vaadin/open/8.5.0/open-8.5.0.jar:/home/tk-lpt-1065/.m2/repository/com/vaadin/external/gwt/gwt-elemental/2.8.2.vaadin2/gwt-elemental-2.8.2.vaadin2.jar:/home/tk-lpt-1065/.m2/repository/com/vaadin/vaadin-testbench-unit-junit5/9.1.0/vaadin-testbench-unit-junit5-9.1.0.jar:/home/tk-lpt-1065/.m2/repository/com/vaadin/vaadin-testbench-unit-shared/9.1.0/vaadin-testbench-unit-shared-9.1.0.jar:/home/tk-lpt-1065/.m2/repository/io/github/classgraph/classgraph/4.8.146/classgraph-4.8.146.jar:/home/tk-lpt-1065/.m2/repository/jakarta/servlet/jakarta.servlet-api/5.0.0/jakarta.servlet-api-5.0.0.jar:/home/tk-lpt-1065/.m2/repository/org/jetbrains/kotlin/kotlin-stdlib-jdk8/1.6.21/kotlin-stdlib-jdk8-1.6.21.jar:/home/tk-lpt-1065/.m2/repository/org/jetbrains/kotlin/kotlin-stdlib/1.6.21/kotlin-stdlib-1.6.21.jar:/home/tk-lpt-1065/.m2/repository/org/jetbrains/kotlin/kotlin-stdlib-common/1.6.21/kotlin-stdlib-common-1.6.21.jar:/home/tk-lpt-1065/.m2/repository/org/jetbrains/annotations/13.0/annotations-13.0.jar:/home/tk-lpt-1065/.m2/repository/org/jetbrains/kotlin/kotlin-stdlib-jdk7/1.6.21/kotlin-stdlib-jdk7-1.6.21.jar:/home/tk-lpt-1065/.m2/repository/org/jetbrains/kotlin/kotlin-reflect/1.6.21/kotlin-reflect-1.6.21.jar:/home/tk-lpt-1065/.m2/repository/com/vaadin/vaadin-testbench-shared/9.1.0/vaadin-testbench-shared-9.1.0.jar:/home/tk-lpt-1065/.m2/repository/commons-codec/commons-codec/1.15/commons-codec-1.15.jar:/home/tk-lpt-1065/.m2/repository/com/vaadin/flow-html-components-testbench/24.2.1/flow-html-components-testbench-24.2.1.jar:/home/tk-lpt-1065/.m2/repository/com/vaadin/vaadin-accordion-testbench/24.2.1/vaadin-accordion-testbench-24.2.1.jar:/home/tk-lpt-1065/.m2/repository/com/vaadin/vaadin-app-layout-testbench/24.2.1/vaadin-app-layout-testbench-24.2.1.jar:/home/tk-lpt-1065/.m2/repository/com/vaadin/vaadin-avatar-testbench/24.2.1/vaadin-avatar-testbench-24.2.1.jar:/home/tk-lpt-1065/.m2/repository/com/vaadin/vaadin-board-testbench/24.2.1/vaadin-board-testbench-24.2.1.jar:/home/tk-lpt-1065/.m2/repository/com/vaadin/vaadin-button-testbench/24.2.1/vaadin-button-testbench-24.2.1.jar:/home/tk-lpt-1065/.m2/repository/com/vaadin/vaadin-charts-testbench/24.2.1/vaadin-charts-testbench-24.2.1.jar:/home/tk-lpt-1065/.m2/repository/com/vaadin/vaadin-checkbox-testbench/24.2.1/vaadin-checkbox-testbench-24.2.1.jar:/home/tk-lpt-1065/.m2/repository/com/vaadin/vaadin-combo-box-testbench/24.2.1/vaadin-combo-box-testbench-24.2.1.jar:/home/tk-lpt-1065/.m2/repository/com/vaadin/vaadin-confirm-dialog-testbench/24.2.1/vaadin-confirm-dialog-testbench-24.2.1.jar:/home/tk-lpt-1065/.m2/repository/com/vaadin/vaadin-context-menu-testbench/24.2.1/vaadin-context-menu-testbench-24.2.1.jar:/home/tk-lpt-1065/.m2/repository/com/vaadin/vaadin-cookie-consent-testbench/24.2.1/vaadin-cookie-consent-testbench-24.2.1.jar:/home/tk-lpt-1065/.m2/repository/com/vaadin/vaadin-crud-testbench/24.2.1/vaadin-crud-testbench-24.2.1.jar:/home/tk-lpt-1065/.m2/repository/com/vaadin/vaadin-custom-field-testbench/24.2.1/vaadin-custom-field-testbench-24.2.1.jar:/home/tk-lpt-1065/.m2/repository/com/vaadin/vaadin-date-picker-testbench/24.2.1/vaadin-date-picker-testbench-24.2.1.jar:/home/tk-lpt-1065/.m2/repository/com/vaadin/vaadin-date-time-picker-testbench/24.2.1/vaadin-date-time-picker-testbench-24.2.1.jar:/home/tk-lpt-1065/.m2/repository/com/vaadin/vaadin-details-testbench/24.2.1/vaadin-details-testbench-24.2.1.jar:/home/tk-lpt-1065/.m2/repository/com/vaadin/vaadin-dialog-testbench/24.2.1/vaadin-dialog-testbench-24.2.1.jar:/home/tk-lpt-1065/.m2/repository/com/vaadin/vaadin-form-layout-testbench/24.2.1/vaadin-form-layout-testbench-24.2.1.jar:/home/tk-lpt-1065/.m2/repository/com/vaadin/vaadin-grid-testbench/24.2.1/vaadin-grid-testbench-24.2.1.jar:/home/tk-lpt-1065/.m2/repository/com/vaadin/vaadin-grid-pro-testbench/24.2.1/vaadin-grid-pro-testbench-24.2.1.jar:/home/tk-lpt-1065/.m2/repository/com/vaadin/vaadin-icons-testbench/24.2.1/vaadin-icons-testbench-24.2.1.jar:/home/tk-lpt-1065/.m2/repository/com/vaadin/vaadin-virtual-list-testbench/24.2.1/vaadin-virtual-list-testbench-24.2.1.jar:/home/tk-lpt-1065/.m2/repository/com/vaadin/vaadin-list-box-testbench/24.2.1/vaadin-list-box-testbench-24.2.1.jar:/home/tk-lpt-1065/.m2/repository/com/vaadin/vaadin-login-testbench/24.2.1/vaadin-login-testbench-24.2.1.jar:/home/tk-lpt-1065/.m2/repository/com/vaadin/vaadin-menu-bar-testbench/24.2.1/vaadin-menu-bar-testbench-24.2.1.jar:/home/tk-lpt-1065/.m2/repository/com/vaadin/vaadin-messages-testbench/24.2.1/vaadin-messages-testbench-24.2.1.jar:/home/tk-lpt-1065/.m2/repository/com/vaadin/vaadin-notification-testbench/24.2.1/vaadin-notification-testbench-24.2.1.jar:/home/tk-lpt-1065/.m2/repository/com/vaadin/vaadin-ordered-layout-testbench/24.2.1/vaadin-ordered-layout-testbench-24.2.1.jar:/home/tk-lpt-1065/.m2/repository/com/vaadin/vaadin-progress-bar-testbench/24.2.1/vaadin-progress-bar-testbench-24.2.1.jar:/home/tk-lpt-1065/.m2/repository/com/vaadin/vaadin-radio-button-testbench/24.2.1/vaadin-radio-button-testbench-24.2.1.jar:/home/tk-lpt-1065/.m2/repository/com/vaadin/vaadin-rich-text-editor-testbench/24.2.1/vaadin-rich-text-editor-testbench-24.2.1.jar:/home/tk-lpt-1065/.m2/repository/com/vaadin/vaadin-select-testbench/24.2.1/vaadin-select-testbench-24.2.1.jar:/home/tk-lpt-1065/.m2/repository/com/vaadin/vaadin-split-layout-testbench/24.2.1/vaadin-split-layout-testbench-24.2.1.jar:/home/tk-lpt-1065/.m2/repository/com/vaadin/vaadin-tabs-testbench/24.2.1/vaadin-tabs-testbench-24.2.1.jar:/home/tk-lpt-1065/.m2/repository/com/vaadin/vaadin-text-field-testbench/24.2.1/vaadin-text-field-testbench-24.2.1.jar:/home/tk-lpt-1065/.m2/repository/com/vaadin/vaadin-time-picker-testbench/24.2.1/vaadin-time-picker-testbench-24.2.1.jar:/home/tk-lpt-1065/.m2/repository/com/vaadin/vaadin-upload-testbench/24.2.1/vaadin-upload-testbench-24.2.1.jar:/home/tk-lpt-1065/.m2/repository/com/vaadin/vaadin-core/24.2.1/vaadin-core-24.2.1.jar:/home/tk-lpt-1065/.m2/repository/com/vaadin/vaadin-core-internal/24.2.1/vaadin-core-internal-24.2.1.jar:/home/tk-lpt-1065/.m2/repository/com/vaadin/flow-server/24.2.1/flow-server-24.2.1.jar:/home/tk-lpt-1065/.m2/repository/com/vaadin/servletdetector/throw-if-servlet3/1.0.2/throw-if-servlet3-1.0.2.jar:/home/tk-lpt-1065/.m2/repository/org/apache/commons/commons-fileupload2-jakarta/2.0.0-M1/commons-fileupload2-jakarta-2.0.0-M1.jar:/home/tk-lpt-1065/.m2/repository/org/apache/commons/commons-fileupload2-core/2.0.0-M1/commons-fileupload2-core-2.0.0-M1.jar:/home/tk-lpt-1065/.m2/repository/commons-io/commons-io/2.13.0/commons-io-2.13.0.jar:/home/tk-lpt-1065/.m2/repository/com/fasterxml/jackson/core/jackson-core/2.15.3/jackson-core-2.15.3.jar:/home/tk-lpt-1065/.m2/repository/org/jsoup/jsoup/1.16.1/jsoup-1.16.1.jar:/home/tk-lpt-1065/.m2/repository/com/helger/ph-css/7.0.1/ph-css-7.0.1.jar:/home/tk-lpt-1065/.m2/repository/com/helger/commons/ph-commons/11.1.0/ph-commons-11.1.0.jar:/home/tk-lpt-1065/.m2/repository/org/ow2/asm/asm/9.5/asm-9.5.jar:/home/tk-lpt-1065/.m2/repository/com/vaadin/external/gentyref/1.2.0.vaadin1/gentyref-1.2.0.vaadin1.jar:/home/tk-lpt-1065/.m2/repository/org/apache/commons/commons-compress/1.24.0/commons-compress-1.24.0.jar:/home/tk-lpt-1065/.m2/repository/com/vaadin/flow-lit-template/24.2.1/flow-lit-template-24.2.1.jar:/home/tk-lpt-1065/.m2/repository/com/vaadin/flow-push/24.2.1/flow-push-24.2.1.jar:/home/tk-lpt-1065/.m2/repository/com/vaadin/external/atmosphere/atmosphere-runtime/3.0.3.slf4jvaadin1/atmosphere-runtime-3.0.3.slf4jvaadin1.jar:/home/tk-lpt-1065/.m2/repository/com/vaadin/flow-client/24.2.1/flow-client-24.2.1.jar:/home/tk-lpt-1065/.m2/repository/com/vaadin/flow-html-components/24.2.1/flow-html-components-24.2.1.jar:/home/tk-lpt-1065/.m2/repository/com/vaadin/flow-data/24.2.1/flow-data-24.2.1.jar:/home/tk-lpt-1065/.m2/repository/com/vaadin/flow-dnd/24.2.1/flow-dnd-24.2.1.jar:/home/tk-lpt-1065/.m2/repository/com/vaadin/vaadin-lumo-theme/24.2.1/vaadin-lumo-theme-24.2.1.jar:/home/tk-lpt-1065/.m2/repository/com/vaadin/vaadin-material-theme/24.2.1/vaadin-material-theme-24.2.1.jar:/home/tk-lpt-1065/.m2/repository/com/vaadin/vaadin-accordion-flow/24.2.1/vaadin-accordion-flow-24.2.1.jar:/home/tk-lpt-1065/.m2/repository/com/vaadin/vaadin-avatar-flow/24.2.1/vaadin-avatar-flow-24.2.1.jar:/home/tk-lpt-1065/.m2/repository/com/vaadin/vaadin-button-flow/24.2.1/vaadin-button-flow-24.2.1.jar:/home/tk-lpt-1065/.m2/repository/com/vaadin/vaadin-checkbox-flow/24.2.1/vaadin-checkbox-flow-24.2.1.jar:/home/tk-lpt-1065/.m2/repository/com/vaadin/vaadin-combo-box-flow/24.2.1/vaadin-combo-box-flow-24.2.1.jar:/home/tk-lpt-1065/.m2/repository/com/vaadin/vaadin-confirm-dialog-flow/24.2.1/vaadin-confirm-dialog-flow-24.2.1.jar:/home/tk-lpt-1065/.m2/repository/com/vaadin/vaadin-custom-field-flow/24.2.1/vaadin-custom-field-flow-24.2.1.jar:/home/tk-lpt-1065/.m2/repository/com/vaadin/vaadin-date-picker-flow/24.2.1/vaadin-date-picker-flow-24.2.1.jar:/home/tk-lpt-1065/.m2/repository/com/vaadin/vaadin-date-time-picker-flow/24.2.1/vaadin-date-time-picker-flow-24.2.1.jar:/home/tk-lpt-1065/.m2/repository/com/vaadin/vaadin-details-flow/24.2.1/vaadin-details-flow-24.2.1.jar:/home/tk-lpt-1065/.m2/repository/com/vaadin/vaadin-time-picker-flow/24.2.1/vaadin-time-picker-flow-24.2.1.jar:/home/tk-lpt-1065/.m2/repository/com/vaadin/vaadin-select-flow/24.2.1/vaadin-select-flow-24.2.1.jar:/home/tk-lpt-1065/.m2/repository/com/vaadin/vaadin-side-nav-flow/24.2.1/vaadin-side-nav-flow-24.2.1.jar:/home/tk-lpt-1065/.m2/repository/com/vaadin/vaadin-dialog-flow/24.2.1/vaadin-dialog-flow-24.2.1.jar:/home/tk-lpt-1065/.m2/repository/com/vaadin/vaadin-form-layout-flow/24.2.1/vaadin-form-layout-flow-24.2.1.jar:/home/tk-lpt-1065/.m2/repository/com/vaadin/vaadin-field-highlighter-flow/24.2.1/vaadin-field-highlighter-flow-24.2.1.jar:/home/tk-lpt-1065/.m2/repository/com/vaadin/vaadin-grid-flow/24.2.1/vaadin-grid-flow-24.2.1.jar:/home/tk-lpt-1065/.m2/repository/org/apache/commons/commons-lang3/3.13.0/commons-lang3-3.13.0.jar:/home/tk-lpt-1065/.m2/repository/com/vaadin/vaadin-icons-flow/24.2.1/vaadin-icons-flow-24.2.1.jar:/home/tk-lpt-1065/.m2/repository/com/vaadin/vaadin-virtual-list-flow/24.2.1/vaadin-virtual-list-flow-24.2.1.jar:/home/tk-lpt-1065/.m2/repository/com/vaadin/vaadin-list-box-flow/24.2.1/vaadin-list-box-flow-24.2.1.jar:/home/tk-lpt-1065/.m2/repository/com/vaadin/vaadin-login-flow/24.2.1/vaadin-login-flow-24.2.1.jar:/home/tk-lpt-1065/.m2/repository/com/vaadin/vaadin-messages-flow/24.2.1/vaadin-messages-flow-24.2.1.jar:/home/tk-lpt-1065/.m2/repository/com/vaadin/vaadin-ordered-layout-flow/24.2.1/vaadin-ordered-layout-flow-24.2.1.jar:/home/tk-lpt-1065/.m2/repository/com/vaadin/vaadin-progress-bar-flow/24.2.1/vaadin-progress-bar-flow-24.2.1.jar:/home/tk-lpt-1065/.m2/repository/com/vaadin/vaadin-radio-button-flow/24.2.1/vaadin-radio-button-flow-24.2.1.jar:/home/tk-lpt-1065/.m2/repository/com/vaadin/vaadin-renderer-flow/24.2.1/vaadin-renderer-flow-24.2.1.jar:/home/tk-lpt-1065/.m2/repository/com/vaadin/vaadin-split-layout-flow/24.2.1/vaadin-split-layout-flow-24.2.1.jar:/home/tk-lpt-1065/.m2/repository/com/vaadin/vaadin-tabs-flow/24.2.1/vaadin-tabs-flow-24.2.1.jar:/home/tk-lpt-1065/.m2/repository/com/vaadin/vaadin-text-field-flow/24.2.1/vaadin-text-field-flow-24.2.1.jar:/home/tk-lpt-1065/.m2/repository/com/vaadin/vaadin-upload-flow/24.2.1/vaadin-upload-flow-24.2.1.jar:/home/tk-lpt-1065/.m2/repository/com/vaadin/vaadin-notification-flow/24.2.1/vaadin-notification-flow-24.2.1.jar:/home/tk-lpt-1065/.m2/repository/com/vaadin/vaadin-app-layout-flow/24.2.1/vaadin-app-layout-flow-24.2.1.jar:/home/tk-lpt-1065/.m2/repository/com/vaadin/vaadin-context-menu-flow/24.2.1/vaadin-context-menu-flow-24.2.1.jar:/home/tk-lpt-1065/.m2/repository/com/vaadin/vaadin-menu-bar-flow/24.2.1/vaadin-menu-bar-flow-24.2.1.jar:"/>
    <property name="sun.cpu.endian" value="little"/>
    <property name="user.home" value="/home/tk-lpt-1065"/>
    <property name="user.language" value="en"/>
    <property name="java.specification.vendor" value="Oracle Corporation"/>
    <property name="java.version.date" value="2023-10-17"/>
    <property name="java.home" value="/usr/lib/jvm/zulu17-ca-amd64"/>
    <property name="file.separator" value="/"/>
    <property name="basedir" value="/home/tk-lpt-1065/skeleton-starter-flow-24"/>
    <property name="java.vm.compressedOopsMode" value="Zero based"/>
    <property name="line.separator" value="&#10;"/>
    <property name="java.vm.specification.vendor" value="Oracle Corporation"/>
    <property name="java.specification.name" value="Java Platform API Specification"/>
    <property name="surefire.real.class.path" value="/home/tk-lpt-1065/skeleton-starter-flow-24/target/surefire/surefirebooter84416508559883299.jar"/>
    <property name="sun.management.compiler" value="HotSpot 64-Bit Tiered Compilers"/>
    <property name="java.runtime.version" value="17.0.9+8-LTS"/>
    <property name="user.name" value="tk-lpt-1065"/>
    <property name="path.separator" value=":"/>
    <property name="os.version" value="5.15.0-87-generic"/>
    <property name="java.runtime.name" value="OpenJDK Runtime Environment"/>
    <property name="file.encoding" value="UTF-8"/>
    <property name="java.vm.name" value="OpenJDK 64-Bit Server VM"/>
    <property name="java.vendor.version" value="Zulu17.46+19-CA"/>
    <property name="localRepository" value="/home/tk-lpt-1065/.m2/repository"/>
    <property name="java.vendor.url.bug" value="http://www.azul.com/support/"/>
    <property name="java.io.tmpdir" value="/tmp"/>
    <property name="idea.version" value="2023.2.4"/>
    <property name="java.version" value="17.0.9"/>
    <property name="user.dir" value="/home/tk-lpt-1065/skeleton-starter-flow-24"/>
    <property name="os.arch" value="amd64"/>
    <property name="java.vm.specification.name" value="Java Virtual Machine Specification"/>
    <property name="native.encoding" value="UTF-8"/>
    <property name="java.library.path" value="/usr/java/packages/lib:/usr/lib64:/lib64:/lib:/usr/lib"/>
    <property name="java.vm.info" value="mixed mode, sharing"/>
    <property name="java.vendor" value="Azul Systems, Inc."/>
    <property name="java.vm.version" value="17.0.9+8-LTS"/>
    <property name="sun.io.unicode.encoding" value="UnicodeLittle"/>
    <property name="java.class.version" value="61.0"/>
  </properties>
  <testcase name="testClickButtonShowsHelloAnonymousUserNotificationWhenUserNameIsEmpty[1]" classname="org.vaadin.example.MainViewIT" time="18.548">
    <failure message="expected: &lt;true&gt; but was: &lt;false&gt;" type="org.opentest4j.AssertionFailedError"><![CDATA[org.opentest4j.AssertionFailedError: expected: <true> but was: <false>
	at org.junit.jupiter.api.AssertionFailureBuilder.build(AssertionFailureBuilder.java:151)
	at org.junit.jupiter.api.AssertionFailureBuilder.buildAndThrow(AssertionFailureBuilder.java:132)
	at org.junit.jupiter.api.AssertTrue.failNotTrue(AssertTrue.java:63)
	at org.junit.jupiter.api.AssertTrue.assertTrue(AssertTrue.java:36)
	at org.junit.jupiter.api.AssertTrue.assertTrue(AssertTrue.java:31)
	at org.junit.jupiter.api.Assertions.assertTrue(Assertions.java:180)
	at org.vaadin.example.MainViewIT.testClickButtonShowsHelloAnonymousUserNotificationWhenUserNameIsEmpty(MainViewIT.java:54)
	at java.base/jdk.internal.reflect.NativeMethodAccessorImpl.invoke0(Native Method)
	at java.base/jdk.internal.reflect.NativeMethodAccessorImpl.invoke(NativeMethodAccessorImpl.java:77)
	at java.base/jdk.internal.reflect.DelegatingMethodAccessorImpl.invoke(DelegatingMethodAccessorImpl.java:43)
	at java.base/java.lang.reflect.Method.invoke(Method.java:568)
	at org.junit.platform.commons.util.ReflectionUtils.invokeMethod(ReflectionUtils.java:727)
	at org.junit.jupiter.engine.execution.MethodInvocation.proceed(MethodInvocation.java:60)
	at org.junit.jupiter.engine.execution.InvocationInterceptorChain$ValidatingInvocation.proceed(InvocationInterceptorChain.java:131)
	at org.junit.jupiter.engine.extension.TimeoutExtension.intercept(TimeoutExtension.java:156)
	at org.junit.jupiter.engine.extension.TimeoutExtension.interceptTestableMethod(TimeoutExtension.java:147)
	at org.junit.jupiter.engine.extension.TimeoutExtension.interceptTestTemplateMethod(TimeoutExtension.java:94)
	at org.junit.jupiter.engine.execution.InterceptingExecutableInvoker$ReflectiveInterceptorCall.lambda$ofVoidMethod$0(InterceptingExecutableInvoker.java:103)
	at org.junit.jupiter.engine.execution.InterceptingExecutableInvoker.lambda$invoke$0(InterceptingExecutableInvoker.java:93)
	at org.junit.jupiter.engine.execution.InvocationInterceptorChain$InterceptedInvocation.proceed(InvocationInterceptorChain.java:106)
	at org.junit.jupiter.engine.execution.InvocationInterceptorChain.proceed(InvocationInterceptorChain.java:64)
	at org.junit.jupiter.engine.execution.InvocationInterceptorChain.chainAndInvoke(InvocationInterceptorChain.java:45)
	at org.junit.jupiter.engine.execution.InvocationInterceptorChain.invoke(InvocationInterceptorChain.java:37)
	at org.junit.jupiter.engine.execution.InterceptingExecutableInvoker.invoke(InterceptingExecutableInvoker.java:92)
	at org.junit.jupiter.engine.execution.InterceptingExecutableInvoker.invoke(InterceptingExecutableInvoker.java:86)
	at org.junit.jupiter.engine.descriptor.TestMethodTestDescriptor.lambda$invokeTestMethod$7(TestMethodTestDescriptor.java:217)
	at org.junit.platform.engine.support.hierarchical.ThrowableCollector.execute(ThrowableCollector.java:73)
	at org.junit.jupiter.engine.descriptor.TestMethodTestDescriptor.invokeTestMethod(TestMethodTestDescriptor.java:213)
	at org.junit.jupiter.engine.descriptor.TestMethodTestDescriptor.execute(TestMethodTestDescriptor.java:138)
	at org.junit.jupiter.engine.descriptor.TestMethodTestDescriptor.execute(TestMethodTestDescriptor.java:68)
	at org.junit.platform.engine.support.hierarchical.NodeTestTask.lambda$executeRecursively$6(NodeTestTask.java:151)
	at org.junit.platform.engine.support.hierarchical.ThrowableCollector.execute(ThrowableCollector.java:73)
	at org.junit.platform.engine.support.hierarchical.NodeTestTask.lambda$executeRecursively$8(NodeTestTask.java:141)
	at org.junit.platform.engine.support.hierarchical.Node.around(Node.java:137)
	at org.junit.platform.engine.support.hierarchical.NodeTestTask.lambda$executeRecursively$9(NodeTestTask.java:139)
	at org.junit.platform.engine.support.hierarchical.ThrowableCollector.execute(ThrowableCollector.java:73)
	at org.junit.platform.engine.support.hierarchical.NodeTestTask.executeRecursively(NodeTestTask.java:138)
	at org.junit.platform.engine.support.hierarchical.NodeTestTask.execute(NodeTestTask.java:95)
	at org.junit.platform.engine.support.hierarchical.ForkJoinPoolHierarchicalTestExecutorService$ExclusiveTask.compute(ForkJoinPoolHierarchicalTestExecutorService.java:185)
	at java.base/java.util.concurrent.RecursiveAction.exec(RecursiveAction.java:194)
	at java.base/java.util.concurrent.ForkJoinTask.doExec(ForkJoinTask.java:373)
	at java.base/java.util.concurrent.ForkJoinPool$WorkQueue.topLevelExec(ForkJoinPool.java:1182)
	at java.base/java.util.concurrent.ForkJoinPool.scan(ForkJoinPool.java:1655)
	at java.base/java.util.concurrent.ForkJoinPool.runWorker(ForkJoinPool.java:1622)
	at java.base/java.util.concurrent.ForkJoinWorkerThread.run(ForkJoinWorkerThread.java:165)
]]></failure>
    <system-err><![CDATA[[ForkJoinPool-1-worker-10] INFO com.vaadin.testbench.browser.BrowserExtension - Did not find a configuration to run locally, on Sauce Labs or on other test grid. Falling back to running locally on Chrome.
[ForkJoinPool-1-worker-9] INFO com.vaadin.testbench.browser.BrowserExtension - Did not find a configuration to run locally, on Sauce Labs or on other test grid. Falling back to running locally on Chrome.
[ForkJoinPool-1-worker-8] INFO com.vaadin.testbench.browser.BrowserExtension - Did not find a configuration to run locally, on Sauce Labs or on other test grid. Falling back to running locally on Chrome.
[ForkJoinPool-1-worker-6] INFO com.vaadin.testbench.browser.BrowserExtension - Did not find a configuration to run locally, on Sauce Labs or on other test grid. Falling back to running locally on Chrome.
[ForkJoinPool-1-worker-7] INFO com.vaadin.testbench.browser.BrowserExtension - Did not find a configuration to run locally, on Sauce Labs or on other test grid. Falling back to running locally on Chrome.
[ForkJoinPool-1-worker-10] INFO com.vaadin.testbench.ScreenshotOnFailureExtension - Error screenshot written to: /home/tk-lpt-1065/skeleton-starter-flow-24/error-screenshots/testClickButtonShowsHelloAnonymousUserNotificationWhenUserNameIsEmpty[any_Chrome_].png
]]></system-err>
  </testcase>
  <testcase name="clickingButtonAddsParagraph[1]" classname="org.vaadin.example.MainViewIT" time="19.851">
    <failure message="expected: &lt;true&gt; but was: &lt;false&gt;" type="org.opentest4j.AssertionFailedError"><![CDATA[org.opentest4j.AssertionFailedError: expected: <true> but was: <false>
	at org.junit.jupiter.api.AssertionFailureBuilder.build(AssertionFailureBuilder.java:151)
	at org.junit.jupiter.api.AssertionFailureBuilder.buildAndThrow(AssertionFailureBuilder.java:132)
	at org.junit.jupiter.api.AssertTrue.failNotTrue(AssertTrue.java:63)
	at org.junit.jupiter.api.AssertTrue.assertTrue(AssertTrue.java:36)
	at org.junit.jupiter.api.AssertTrue.assertTrue(AssertTrue.java:31)
	at org.junit.jupiter.api.Assertions.assertTrue(Assertions.java:180)
	at org.vaadin.example.MainViewIT.clickingButtonAddsParagraph(MainViewIT.java:38)
	at java.base/jdk.internal.reflect.NativeMethodAccessorImpl.invoke0(Native Method)
	at java.base/jdk.internal.reflect.NativeMethodAccessorImpl.invoke(NativeMethodAccessorImpl.java:77)
	at java.base/jdk.internal.reflect.DelegatingMethodAccessorImpl.invoke(DelegatingMethodAccessorImpl.java:43)
	at java.base/java.lang.reflect.Method.invoke(Method.java:568)
	at org.junit.platform.commons.util.ReflectionUtils.invokeMethod(ReflectionUtils.java:727)
	at org.junit.jupiter.engine.execution.MethodInvocation.proceed(MethodInvocation.java:60)
	at org.junit.jupiter.engine.execution.InvocationInterceptorChain$ValidatingInvocation.proceed(InvocationInterceptorChain.java:131)
	at org.junit.jupiter.engine.extension.TimeoutExtension.intercept(TimeoutExtension.java:156)
	at org.junit.jupiter.engine.extension.TimeoutExtension.interceptTestableMethod(TimeoutExtension.java:147)
	at org.junit.jupiter.engine.extension.TimeoutExtension.interceptTestTemplateMethod(TimeoutExtension.java:94)
	at org.junit.jupiter.engine.execution.InterceptingExecutableInvoker$ReflectiveInterceptorCall.lambda$ofVoidMethod$0(InterceptingExecutableInvoker.java:103)
	at org.junit.jupiter.engine.execution.InterceptingExecutableInvoker.lambda$invoke$0(InterceptingExecutableInvoker.java:93)
	at org.junit.jupiter.engine.execution.InvocationInterceptorChain$InterceptedInvocation.proceed(InvocationInterceptorChain.java:106)
	at org.junit.jupiter.engine.execution.InvocationInterceptorChain.proceed(InvocationInterceptorChain.java:64)
	at org.junit.jupiter.engine.execution.InvocationInterceptorChain.chainAndInvoke(InvocationInterceptorChain.java:45)
	at org.junit.jupiter.engine.execution.InvocationInterceptorChain.invoke(InvocationInterceptorChain.java:37)
	at org.junit.jupiter.engine.execution.InterceptingExecutableInvoker.invoke(InterceptingExecutableInvoker.java:92)
	at org.junit.jupiter.engine.execution.InterceptingExecutableInvoker.invoke(InterceptingExecutableInvoker.java:86)
	at org.junit.jupiter.engine.descriptor.TestMethodTestDescriptor.lambda$invokeTestMethod$7(TestMethodTestDescriptor.java:217)
	at org.junit.platform.engine.support.hierarchical.ThrowableCollector.execute(ThrowableCollector.java:73)
	at org.junit.jupiter.engine.descriptor.TestMethodTestDescriptor.invokeTestMethod(TestMethodTestDescriptor.java:213)
	at org.junit.jupiter.engine.descriptor.TestMethodTestDescriptor.execute(TestMethodTestDescriptor.java:138)
	at org.junit.jupiter.engine.descriptor.TestMethodTestDescriptor.execute(TestMethodTestDescriptor.java:68)
	at org.junit.platform.engine.support.hierarchical.NodeTestTask.lambda$executeRecursively$6(NodeTestTask.java:151)
	at org.junit.platform.engine.support.hierarchical.ThrowableCollector.execute(ThrowableCollector.java:73)
	at org.junit.platform.engine.support.hierarchical.NodeTestTask.lambda$executeRecursively$8(NodeTestTask.java:141)
	at org.junit.platform.engine.support.hierarchical.Node.around(Node.java:137)
	at org.junit.platform.engine.support.hierarchical.NodeTestTask.lambda$executeRecursively$9(NodeTestTask.java:139)
	at org.junit.platform.engine.support.hierarchical.ThrowableCollector.execute(ThrowableCollector.java:73)
	at org.junit.platform.engine.support.hierarchical.NodeTestTask.executeRecursively(NodeTestTask.java:138)
	at org.junit.platform.engine.support.hierarchical.NodeTestTask.execute(NodeTestTask.java:95)
	at org.junit.platform.engine.support.hierarchical.ForkJoinPoolHierarchicalTestExecutorService$ExclusiveTask.compute(ForkJoinPoolHierarchicalTestExecutorService.java:185)
	at java.base/java.util.concurrent.RecursiveAction.exec(RecursiveAction.java:194)
	at java.base/java.util.concurrent.ForkJoinTask.doExec(ForkJoinTask.java:373)
	at java.base/java.util.concurrent.ForkJoinPool$WorkQueue.topLevelExec(ForkJoinPool.java:1182)
	at java.base/java.util.concurrent.ForkJoinPool.scan(ForkJoinPool.java:1655)
	at java.base/java.util.concurrent.ForkJoinPool.runWorker(ForkJoinPool.java:1622)
	at java.base/java.util.concurrent.ForkJoinWorkerThread.run(ForkJoinWorkerThread.java:165)
]]></failure>
    <system-err><![CDATA[[ForkJoinPool-1-worker-6] INFO com.vaadin.testbench.ScreenshotOnFailureExtension - Error screenshot written to: /home/tk-lpt-1065/skeleton-starter-flow-24/error-screenshots/clickingButtonAddsParagraph[any_Chrome_].png
]]></system-err>
  </testcase>
  <testcase name="testClickButtonShowsHelloUserNotificationWhenUserIsNotEmpty[1]" classname="org.vaadin.example.MainViewIT" time="21.223">
    <failure message="expected: &lt;true&gt; but was: &lt;false&gt;" type="org.opentest4j.AssertionFailedError"><![CDATA[org.opentest4j.AssertionFailedError: expected: <true> but was: <false>
	at org.junit.jupiter.api.AssertionFailureBuilder.build(AssertionFailureBuilder.java:151)
	at org.junit.jupiter.api.AssertionFailureBuilder.buildAndThrow(AssertionFailureBuilder.java:132)
	at org.junit.jupiter.api.AssertTrue.failNotTrue(AssertTrue.java:63)
	at org.junit.jupiter.api.AssertTrue.assertTrue(AssertTrue.java:36)
	at org.junit.jupiter.api.AssertTrue.assertTrue(AssertTrue.java:31)
	at org.junit.jupiter.api.Assertions.assertTrue(Assertions.java:180)
	at org.vaadin.example.MainViewIT.testClickButtonShowsHelloUserNotificationWhenUserIsNotEmpty(MainViewIT.java:65)
	at java.base/jdk.internal.reflect.NativeMethodAccessorImpl.invoke0(Native Method)
	at java.base/jdk.internal.reflect.NativeMethodAccessorImpl.invoke(NativeMethodAccessorImpl.java:77)
	at java.base/jdk.internal.reflect.DelegatingMethodAccessorImpl.invoke(DelegatingMethodAccessorImpl.java:43)
	at java.base/java.lang.reflect.Method.invoke(Method.java:568)
	at org.junit.platform.commons.util.ReflectionUtils.invokeMethod(ReflectionUtils.java:727)
	at org.junit.jupiter.engine.execution.MethodInvocation.proceed(MethodInvocation.java:60)
	at org.junit.jupiter.engine.execution.InvocationInterceptorChain$ValidatingInvocation.proceed(InvocationInterceptorChain.java:131)
	at org.junit.jupiter.engine.extension.TimeoutExtension.intercept(TimeoutExtension.java:156)
	at org.junit.jupiter.engine.extension.TimeoutExtension.interceptTestableMethod(TimeoutExtension.java:147)
	at org.junit.jupiter.engine.extension.TimeoutExtension.interceptTestTemplateMethod(TimeoutExtension.java:94)
	at org.junit.jupiter.engine.execution.InterceptingExecutableInvoker$ReflectiveInterceptorCall.lambda$ofVoidMethod$0(InterceptingExecutableInvoker.java:103)
	at org.junit.jupiter.engine.execution.InterceptingExecutableInvoker.lambda$invoke$0(InterceptingExecutableInvoker.java:93)
	at org.junit.jupiter.engine.execution.InvocationInterceptorChain$InterceptedInvocation.proceed(InvocationInterceptorChain.java:106)
	at org.junit.jupiter.engine.execution.InvocationInterceptorChain.proceed(InvocationInterceptorChain.java:64)
	at org.junit.jupiter.engine.execution.InvocationInterceptorChain.chainAndInvoke(InvocationInterceptorChain.java:45)
	at org.junit.jupiter.engine.execution.InvocationInterceptorChain.invoke(InvocationInterceptorChain.java:37)
	at org.junit.jupiter.engine.execution.InterceptingExecutableInvoker.invoke(InterceptingExecutableInvoker.java:92)
	at org.junit.jupiter.engine.execution.InterceptingExecutableInvoker.invoke(InterceptingExecutableInvoker.java:86)
	at org.junit.jupiter.engine.descriptor.TestMethodTestDescriptor.lambda$invokeTestMethod$7(TestMethodTestDescriptor.java:217)
	at org.junit.platform.engine.support.hierarchical.ThrowableCollector.execute(ThrowableCollector.java:73)
	at org.junit.jupiter.engine.descriptor.TestMethodTestDescriptor.invokeTestMethod(TestMethodTestDescriptor.java:213)
	at org.junit.jupiter.engine.descriptor.TestMethodTestDescriptor.execute(TestMethodTestDescriptor.java:138)
	at org.junit.jupiter.engine.descriptor.TestMethodTestDescriptor.execute(TestMethodTestDescriptor.java:68)
	at org.junit.platform.engine.support.hierarchical.NodeTestTask.lambda$executeRecursively$6(NodeTestTask.java:151)
	at org.junit.platform.engine.support.hierarchical.ThrowableCollector.execute(ThrowableCollector.java:73)
	at org.junit.platform.engine.support.hierarchical.NodeTestTask.lambda$executeRecursively$8(NodeTestTask.java:141)
	at org.junit.platform.engine.support.hierarchical.Node.around(Node.java:137)
	at org.junit.platform.engine.support.hierarchical.NodeTestTask.lambda$executeRecursively$9(NodeTestTask.java:139)
	at org.junit.platform.engine.support.hierarchical.ThrowableCollector.execute(ThrowableCollector.java:73)
	at org.junit.platform.engine.support.hierarchical.NodeTestTask.executeRecursively(NodeTestTask.java:138)
	at org.junit.platform.engine.support.hierarchical.NodeTestTask.execute(NodeTestTask.java:95)
	at org.junit.platform.engine.support.hierarchical.ForkJoinPoolHierarchicalTestExecutorService$ExclusiveTask.compute(ForkJoinPoolHierarchicalTestExecutorService.java:185)
	at java.base/java.util.concurrent.RecursiveAction.exec(RecursiveAction.java:194)
	at java.base/java.util.concurrent.ForkJoinTask.doExec(ForkJoinTask.java:373)
	at java.base/java.util.concurrent.ForkJoinPool$WorkQueue.topLevelExec(ForkJoinPool.java:1182)
	at java.base/java.util.concurrent.ForkJoinPool.scan(ForkJoinPool.java:1655)
	at java.base/java.util.concurrent.ForkJoinPool.runWorker(ForkJoinPool.java:1622)
	at java.base/java.util.concurrent.ForkJoinWorkerThread.run(ForkJoinWorkerThread.java:165)
]]></failure>
    <system-err><![CDATA[[ForkJoinPool-1-worker-8] INFO com.vaadin.testbench.ScreenshotOnFailureExtension - Error screenshot written to: /home/tk-lpt-1065/skeleton-starter-flow-24/error-screenshots/testClickButtonShowsHelloUserNotificationWhenUserIsNotEmpty[any_Chrome_].png
]]></system-err>
  </testcase>
  <testcase name="clickingButtonTwiceShowsTwoNotifications[1]" classname="org.vaadin.example.MainViewIT" time="25.531">
    <failure message="expected: &lt;2&gt; but was: &lt;0&gt;" type="org.opentest4j.AssertionFailedError"><![CDATA[org.opentest4j.AssertionFailedError: expected: <2> but was: <0>
	at org.junit.jupiter.api.AssertionFailureBuilder.build(AssertionFailureBuilder.java:151)
	at org.junit.jupiter.api.AssertionFailureBuilder.buildAndThrow(AssertionFailureBuilder.java:132)
	at org.junit.jupiter.api.AssertEquals.failNotEqual(AssertEquals.java:197)
	at org.junit.jupiter.api.AssertEquals.assertEquals(AssertEquals.java:150)
	at org.junit.jupiter.api.AssertEquals.assertEquals(AssertEquals.java:145)
	at org.junit.jupiter.api.Assertions.assertEquals(Assertions.java:528)
	at org.vaadin.example.MainViewIT.clickingButtonTwiceShowsTwoNotifications(MainViewIT.java:47)
	at java.base/jdk.internal.reflect.NativeMethodAccessorImpl.invoke0(Native Method)
	at java.base/jdk.internal.reflect.NativeMethodAccessorImpl.invoke(NativeMethodAccessorImpl.java:77)
	at java.base/jdk.internal.reflect.DelegatingMethodAccessorImpl.invoke(DelegatingMethodAccessorImpl.java:43)
	at java.base/java.lang.reflect.Method.invoke(Method.java:568)
	at org.junit.platform.commons.util.ReflectionUtils.invokeMethod(ReflectionUtils.java:727)
	at org.junit.jupiter.engine.execution.MethodInvocation.proceed(MethodInvocation.java:60)
	at org.junit.jupiter.engine.execution.InvocationInterceptorChain$ValidatingInvocation.proceed(InvocationInterceptorChain.java:131)
	at org.junit.jupiter.engine.extension.TimeoutExtension.intercept(TimeoutExtension.java:156)
	at org.junit.jupiter.engine.extension.TimeoutExtension.interceptTestableMethod(TimeoutExtension.java:147)
	at org.junit.jupiter.engine.extension.TimeoutExtension.interceptTestTemplateMethod(TimeoutExtension.java:94)
	at org.junit.jupiter.engine.execution.InterceptingExecutableInvoker$ReflectiveInterceptorCall.lambda$ofVoidMethod$0(InterceptingExecutableInvoker.java:103)
	at org.junit.jupiter.engine.execution.InterceptingExecutableInvoker.lambda$invoke$0(InterceptingExecutableInvoker.java:93)
	at org.junit.jupiter.engine.execution.InvocationInterceptorChain$InterceptedInvocation.proceed(InvocationInterceptorChain.java:106)
	at org.junit.jupiter.engine.execution.InvocationInterceptorChain.proceed(InvocationInterceptorChain.java:64)
	at org.junit.jupiter.engine.execution.InvocationInterceptorChain.chainAndInvoke(InvocationInterceptorChain.java:45)
	at org.junit.jupiter.engine.execution.InvocationInterceptorChain.invoke(InvocationInterceptorChain.java:37)
	at org.junit.jupiter.engine.execution.InterceptingExecutableInvoker.invoke(InterceptingExecutableInvoker.java:92)
	at org.junit.jupiter.engine.execution.InterceptingExecutableInvoker.invoke(InterceptingExecutableInvoker.java:86)
	at org.junit.jupiter.engine.descriptor.TestMethodTestDescriptor.lambda$invokeTestMethod$7(TestMethodTestDescriptor.java:217)
	at org.junit.platform.engine.support.hierarchical.ThrowableCollector.execute(ThrowableCollector.java:73)
	at org.junit.jupiter.engine.descriptor.TestMethodTestDescriptor.invokeTestMethod(TestMethodTestDescriptor.java:213)
	at org.junit.jupiter.engine.descriptor.TestMethodTestDescriptor.execute(TestMethodTestDescriptor.java:138)
	at org.junit.jupiter.engine.descriptor.TestMethodTestDescriptor.execute(TestMethodTestDescriptor.java:68)
	at org.junit.platform.engine.support.hierarchical.NodeTestTask.lambda$executeRecursively$6(NodeTestTask.java:151)
	at org.junit.platform.engine.support.hierarchical.ThrowableCollector.execute(ThrowableCollector.java:73)
	at org.junit.platform.engine.support.hierarchical.NodeTestTask.lambda$executeRecursively$8(NodeTestTask.java:141)
	at org.junit.platform.engine.support.hierarchical.Node.around(Node.java:137)
	at org.junit.platform.engine.support.hierarchical.NodeTestTask.lambda$executeRecursively$9(NodeTestTask.java:139)
	at org.junit.platform.engine.support.hierarchical.ThrowableCollector.execute(ThrowableCollector.java:73)
	at org.junit.platform.engine.support.hierarchical.NodeTestTask.executeRecursively(NodeTestTask.java:138)
	at org.junit.platform.engine.support.hierarchical.NodeTestTask.execute(NodeTestTask.java:95)
	at org.junit.platform.engine.support.hierarchical.ForkJoinPoolHierarchicalTestExecutorService$ExclusiveTask.compute(ForkJoinPoolHierarchicalTestExecutorService.java:185)
	at java.base/java.util.concurrent.RecursiveAction.exec(RecursiveAction.java:194)
	at java.base/java.util.concurrent.ForkJoinTask.doExec(ForkJoinTask.java:373)
	at java.base/java.util.concurrent.ForkJoinPool$WorkQueue.topLevelExec(ForkJoinPool.java:1182)
	at java.base/java.util.concurrent.ForkJoinPool.scan(ForkJoinPool.java:1655)
	at java.base/java.util.concurrent.ForkJoinPool.runWorker(ForkJoinPool.java:1622)
	at java.base/java.util.concurrent.ForkJoinWorkerThread.run(ForkJoinWorkerThread.java:165)
]]></failure>
    <system-err><![CDATA[[ForkJoinPool-1-worker-9] INFO com.vaadin.testbench.ScreenshotOnFailureExtension - Error screenshot written to: /home/tk-lpt-1065/skeleton-starter-flow-24/error-screenshots/clickingButtonTwiceShowsTwoNotifications[any_Chrome_].png
]]></system-err>
  </testcase>
  <testcase name="testEnterShowsHelloUserNotificationWhenUserIsNotEmpty[1]" classname="org.vaadin.example.MainViewIT" time="26.746">
    <error message="element not interactable&#10;  (Session info: chrome=118.0.5993.117)&#10;Build info: version: &apos;4.14.0&apos;, revision: &apos;e5a96349ce&apos;&#10;System info: os.name: &apos;Linux&apos;, os.arch: &apos;amd64&apos;, os.version: &apos;5.15.0-87-generic&apos;, java.version: &apos;17.0.9&apos;&#10;Driver info: org.openqa.selenium.chrome.ChromeDriver&#10;Command: [8067f57f0797b6a2d4364cbd8155f4b5, sendKeysToElement {id=476FA2DBE7BC39087859DFB4093DB372_element_4, value=[Ljava.lang.CharSequence;@684e494b}]&#10;Capabilities {acceptInsecureCerts: false, browserName: chrome, browserVersion: 118.0.5993.117, chrome: {chromedriverVersion: 118.0.5993.70 (e52f33f30b91..., userDataDir: /tmp/.org.chromium.Chromium...}, fedcm:accounts: true, goog:chromeOptions: {debuggerAddress: localhost:32809}, networkConnectionEnabled: false, pageLoadStrategy: normal, platformName: linux, proxy: Proxy(), se:cdp: ws://localhost:32809/devtoo..., se:cdpVersion: 118.0.5993.117, setWindowRect: true, strictFileInteractability: false, timeouts: {implicit: 0, pageLoad: 300000, script: 30000}, unhandledPromptBehavior: dismiss and notify, webauthn:extension:credBlob: true, webauthn:extension:largeBlob: true, webauthn:extension:minPinLength: true, webauthn:extension:prf: true, webauthn:virtualAuthenticators: true}&#10;Element: [[[org.openqa.selenium.remote.RemoteWebElement@7d24b6d2 -&gt; unknown locator]] -&gt; tag name: input]&#10;Session ID: 8067f57f0797b6a2d4364cbd8155f4b5" type="org.openqa.selenium.ElementNotInteractableException">org.openqa.selenium.ElementNotInteractableException: 
element not interactable
  (Session info: chrome=118.0.5993.117)
Build info: version: '4.14.0', revision: 'e5a96349ce'
System info: os.name: 'Linux', os.arch: 'amd64', os.version: '5.15.0-87-generic', java.version: '17.0.9'
Driver info: org.openqa.selenium.chrome.ChromeDriver
Command: [8067f57f0797b6a2d4364cbd8155f4b5, sendKeysToElement {id=476FA2DBE7BC39087859DFB4093DB372_element_4, value=[Ljava.lang.CharSequence;@684e494b}]
Capabilities {acceptInsecureCerts: false, browserName: chrome, browserVersion: 118.0.5993.117, chrome: {chromedriverVersion: 118.0.5993.70 (e52f33f30b91..., userDataDir: /tmp/.org.chromium.Chromium...}, fedcm:accounts: true, goog:chromeOptions: {debuggerAddress: localhost:32809}, networkConnectionEnabled: false, pageLoadStrategy: normal, platformName: linux, proxy: Proxy(), se:cdp: ws://localhost:32809/devtoo..., se:cdpVersion: 118.0.5993.117, setWindowRect: true, strictFileInteractability: false, timeouts: {implicit: 0, pageLoad: 300000, script: 30000}, unhandledPromptBehavior: dismiss and notify, webauthn:extension:credBlob: true, webauthn:extension:largeBlob: true, webauthn:extension:minPinLength: true, webauthn:extension:prf: true, webauthn:virtualAuthenticators: true}
Element: [[[org.openqa.selenium.remote.RemoteWebElement@7d24b6d2 -> unknown locator]] -> tag name: input]
Session ID: 8067f57f0797b6a2d4364cbd8155f4b5
	at java.base/jdk.internal.reflect.NativeConstructorAccessorImpl.newInstance0(Native Method)
	at java.base/jdk.internal.reflect.NativeConstructorAccessorImpl.newInstance(NativeConstructorAccessorImpl.java:77)
	at java.base/jdk.internal.reflect.DelegatingConstructorAccessorImpl.newInstance(DelegatingConstructorAccessorImpl.java:45)
	at java.base/java.lang.reflect.Constructor.newInstanceWithCaller(Constructor.java:499)
	at java.base/java.lang.reflect.Constructor.newInstance(Constructor.java:480)
	at org.openqa.selenium.remote.codec.w3c.W3CHttpResponseCodec.createException(W3CHttpResponseCodec.java:200)
	at org.openqa.selenium.remote.codec.w3c.W3CHttpResponseCodec.decode(W3CHttpResponseCodec.java:133)
	at org.openqa.selenium.remote.codec.w3c.W3CHttpResponseCodec.decode(W3CHttpResponseCodec.java:52)
	at org.openqa.selenium.remote.HttpCommandExecutor.execute(HttpCommandExecutor.java:191)
	at org.openqa.selenium.remote.service.DriverCommandExecutor.invokeExecute(DriverCommandExecutor.java:196)
	at org.openqa.selenium.remote.service.DriverCommandExecutor.execute(DriverCommandExecutor.java:171)
	at org.openqa.selenium.remote.RemoteWebDriver.execute(RemoteWebDriver.java:602)
	at org.openqa.selenium.remote.RemoteWebElement.execute(RemoteWebElement.java:224)
	at org.openqa.selenium.remote.RemoteWebElement.sendKeys(RemoteWebElement.java:111)
	at com.vaadin.testbench.TestBenchElement.sendKeys(TestBenchElement.java:202)
	at com.vaadin.flow.component.textfield.testbench.TextFieldElement.sendKeys(TextFieldElement.java:51)
	at org.vaadin.example.MainViewIT.testEnterShowsHelloUserNotificationWhenUserIsNotEmpty(MainViewIT.java:74)
	at java.base/jdk.internal.reflect.NativeMethodAccessorImpl.invoke0(Native Method)
	at java.base/jdk.internal.reflect.NativeMethodAccessorImpl.invoke(NativeMethodAccessorImpl.java:77)
	at java.base/jdk.internal.reflect.DelegatingMethodAccessorImpl.invoke(DelegatingMethodAccessorImpl.java:43)
	at java.base/java.lang.reflect.Method.invoke(Method.java:568)
	at org.junit.platform.commons.util.ReflectionUtils.invokeMethod(ReflectionUtils.java:727)
	at org.junit.jupiter.engine.execution.MethodInvocation.proceed(MethodInvocation.java:60)
	at org.junit.jupiter.engine.execution.InvocationInterceptorChain$ValidatingInvocation.proceed(InvocationInterceptorChain.java:131)
	at org.junit.jupiter.engine.extension.TimeoutExtension.intercept(TimeoutExtension.java:156)
	at org.junit.jupiter.engine.extension.TimeoutExtension.interceptTestableMethod(TimeoutExtension.java:147)
	at org.junit.jupiter.engine.extension.TimeoutExtension.interceptTestTemplateMethod(TimeoutExtension.java:94)
	at org.junit.jupiter.engine.execution.InterceptingExecutableInvoker$ReflectiveInterceptorCall.lambda$ofVoidMethod$0(InterceptingExecutableInvoker.java:103)
	at org.junit.jupiter.engine.execution.InterceptingExecutableInvoker.lambda$invoke$0(InterceptingExecutableInvoker.java:93)
	at org.junit.jupiter.engine.execution.InvocationInterceptorChain$InterceptedInvocation.proceed(InvocationInterceptorChain.java:106)
	at org.junit.jupiter.engine.execution.InvocationInterceptorChain.proceed(InvocationInterceptorChain.java:64)
	at org.junit.jupiter.engine.execution.InvocationInterceptorChain.chainAndInvoke(InvocationInterceptorChain.java:45)
	at org.junit.jupiter.engine.execution.InvocationInterceptorChain.invoke(InvocationInterceptorChain.java:37)
	at org.junit.jupiter.engine.execution.InterceptingExecutableInvoker.invoke(InterceptingExecutableInvoker.java:92)
	at org.junit.jupiter.engine.execution.InterceptingExecutableInvoker.invoke(InterceptingExecutableInvoker.java:86)
	at org.junit.jupiter.engine.descriptor.TestMethodTestDescriptor.lambda$invokeTestMethod$7(TestMethodTestDescriptor.java:217)
	at org.junit.platform.engine.support.hierarchical.ThrowableCollector.execute(ThrowableCollector.java:73)
	at org.junit.jupiter.engine.descriptor.TestMethodTestDescriptor.invokeTestMethod(TestMethodTestDescriptor.java:213)
	at org.junit.jupiter.engine.descriptor.TestMethodTestDescriptor.execute(TestMethodTestDescriptor.java:138)
	at org.junit.jupiter.engine.descriptor.TestMethodTestDescriptor.execute(TestMethodTestDescriptor.java:68)
	at org.junit.platform.engine.support.hierarchical.NodeTestTask.lambda$executeRecursively$6(NodeTestTask.java:151)
	at org.junit.platform.engine.support.hierarchical.ThrowableCollector.execute(ThrowableCollector.java:73)
	at org.junit.platform.engine.support.hierarchical.NodeTestTask.lambda$executeRecursively$8(NodeTestTask.java:141)
	at org.junit.platform.engine.support.hierarchical.Node.around(Node.java:137)
	at org.junit.platform.engine.support.hierarchical.NodeTestTask.lambda$executeRecursively$9(NodeTestTask.java:139)
	at org.junit.platform.engine.support.hierarchical.ThrowableCollector.execute(ThrowableCollector.java:73)
	at org.junit.platform.engine.support.hierarchical.NodeTestTask.executeRecursively(NodeTestTask.java:138)
	at org.junit.platform.engine.support.hierarchical.NodeTestTask.execute(NodeTestTask.java:95)
	at org.junit.platform.engine.support.hierarchical.ForkJoinPoolHierarchicalTestExecutorService$ExclusiveTask.compute(ForkJoinPoolHierarchicalTestExecutorService.java:185)
	at java.base/java.util.concurrent.RecursiveAction.exec(RecursiveAction.java:194)
	at java.base/java.util.concurrent.ForkJoinTask.doExec(ForkJoinTask.java:373)
	at java.base/java.util.concurrent.ForkJoinPool$WorkQueue.topLevelExec(ForkJoinPool.java:1182)
	at java.base/java.util.concurrent.ForkJoinPool.scan(ForkJoinPool.java:1655)
	at java.base/java.util.concurrent.ForkJoinPool.runWorker(ForkJoinPool.java:1622)
	at java.base/java.util.concurrent.ForkJoinWorkerThread.run(ForkJoinWorkerThread.java:165)
</error>
    <system-err><![CDATA[[ForkJoinPool-1-worker-7] INFO com.vaadin.testbench.ScreenshotOnFailureExtension - Error screenshot written to: /home/tk-lpt-1065/skeleton-starter-flow-24/error-screenshots/testEnterShowsHelloUserNotificationWhenUserIsNotEmpty[any_Chrome_].png
]]></system-err>
  </testcase>
</testsuite>